<?xml version="1.0" encoding="UTF-8"?>
<!-- Generated by org.testng.reporters.JUnitXMLReporter -->
<testsuite hostname="QUASPC1210" failures="3" tests="10" name="Test" time="198.611" errors="0" timestamp="28 Feb 2022 03:42:38 GMT">
  <testcase classname="SurveySolution.SurveySolution_Testcase" name="SSQPad_01" time="0.364"/>
  <testcase classname="SurveySolution.SurveySolution_Testcase" name="SSQPad_02" time="1.548"/>
  <testcase classname="SurveySolution.SurveySolution_Testcase" name="SSQPad_03" time="0.002"/>
  <testcase classname="SurveySolution.SurveySolution_Testcase" name="SSQPad_04" time="0.351"/>
  <testcase classname="SurveySolution.SurveySolution_Testcase" name="SSQPad_05" time="6.712"/>
  <testcase classname="SurveySolution.SurveySolution_Testcase" name="SSQPad_06" time="12.584"/>
  <testcase classname="SurveySolution.SurveySolution_Testcase" name="SSQPad_07" time="13.623"/>
  <testcase classname="SurveySolution.SurveySolution_Testcase" name="SSQPad_08" time="0.001">
    <failure type="java.lang.Error" message="Unresolved compilation problems: 
	Syntax error, insert &amp;quot;AssignmentOperator Expression&amp;quot; to complete Assignment
	Syntax error, insert &amp;quot;;&amp;quot; to complete BlockStatements
	The left-hand side of an assignment must be a variable
	Invalid character constant
	Invalid character constant
	Syntax error, insert &amp;quot;]&amp;quot; to complete ArrayAccess
	Syntax error, insert &amp;quot;AssignmentOperator Expression&amp;quot; to complete Assignment
	Syntax error, insert &amp;quot;;&amp;quot; to complete Statement
">
      <![CDATA[java.lang.Error: Unresolved compilation problems: 
	Syntax error, insert "AssignmentOperator Expression" to complete Assignment
	Syntax error, insert ";" to complete BlockStatements
	The left-hand side of an assignment must be a variable
	Invalid character constant
	Invalid character constant
	Syntax error, insert "]" to complete ArrayAccess
	Syntax error, insert "AssignmentOperator Expression" to complete Assignment
	Syntax error, insert ";" to complete Statement

	at SurveySolution.SurveySolution_Testcase.SSQPad_08(SurveySolution_Testcase.java:141)
... Removed 24 stack frames]]>
    </failure>
  </testcase> <!-- SSQPad_08 -->
  <testcase classname="SurveySolution.SurveySolution_Testcase" name="SSQPad_09" time="10.86">
    <failure type="org.openqa.selenium.NoSuchElementException" message="An element could not be located on the page using the given search parameters.
For documentation on this error, please visit: https://www.seleniumhq.org/exceptions/no_such_element.html
Build info: version: &amp;apos;3.141.59&amp;apos;, revision: &amp;apos;e82be7d358&amp;apos;, time: &amp;apos;2018-11-14T08:17:03&amp;apos;
System info: host: &amp;apos;QUASPC1210&amp;apos;, ip: &amp;apos;192.168.1.210&amp;apos;, os.name: &amp;apos;Windows 10&amp;apos;, os.arch: &amp;apos;amd64&amp;apos;, os.version: &amp;apos;10.0&amp;apos;, java.version: &amp;apos;11.0.12&amp;apos;
Driver info: io.appium.java_client.AppiumDriver
Capabilities {app: C:\Users\meet.g\eclipse-wor..., appPackage: com.IGiS.QPadSS, automationName: appium, databaseEnabled: false, desired: {app: C:\Users\meet.g\eclipse-wor..., automationName: appium, deviceName: Pixel 4 XL API 28, newCommandTimeout: 10000, platformName: android, platformVersion: 9, udid: emulator-5556}, deviceApiLevel: 28, deviceManufacturer: Google, deviceModel: AOSP on IA Emulator, deviceName: emulator-5556, deviceScreenDensity: 560, deviceScreenSize: 1440x3040, deviceUDID: emulator-5556, javascriptEnabled: true, locationContextEnabled: false, networkConnectionEnabled: true, newCommandTimeout: 10000, pixelRatio: 3.5, platform: LINUX, platformName: Android, platformVersion: 9, statBarHeight: 172, takesScreenshot: true, udid: emulator-5556, viewportRect: {height: 2529, left: 0, top: 172, width: 1440}, warnings: {}, webStorageEnabled: false}
Session ID: 126555eb-5b3d-42d7-8849-6e8d234b9227
*** Element info: {Using=id, value=com.android.packageinstaller:id/permission_deny_button}">
      <![CDATA[org.openqa.selenium.NoSuchElementException: An element could not be located on the page using the given search parameters.
For documentation on this error, please visit: https://www.seleniumhq.org/exceptions/no_such_element.html
Build info: version: '3.141.59', revision: 'e82be7d358', time: '2018-11-14T08:17:03'
System info: host: 'QUASPC1210', ip: '192.168.1.210', os.name: 'Windows 10', os.arch: 'amd64', os.version: '10.0', java.version: '11.0.12'
Driver info: io.appium.java_client.AppiumDriver
Capabilities {app: C:\Users\meet.g\eclipse-wor..., appPackage: com.IGiS.QPadSS, automationName: appium, databaseEnabled: false, desired: {app: C:\Users\meet.g\eclipse-wor..., automationName: appium, deviceName: Pixel 4 XL API 28, newCommandTimeout: 10000, platformName: android, platformVersion: 9, udid: emulator-5556}, deviceApiLevel: 28, deviceManufacturer: Google, deviceModel: AOSP on IA Emulator, deviceName: emulator-5556, deviceScreenDensity: 560, deviceScreenSize: 1440x3040, deviceUDID: emulator-5556, javascriptEnabled: true, locationContextEnabled: false, networkConnectionEnabled: true, newCommandTimeout: 10000, pixelRatio: 3.5, platform: LINUX, platformName: Android, platformVersion: 9, statBarHeight: 172, takesScreenshot: true, udid: emulator-5556, viewportRect: {height: 2529, left: 0, top: 172, width: 1440}, warnings: {}, webStorageEnabled: false}
Session ID: 126555eb-5b3d-42d7-8849-6e8d234b9227
*** Element info: {Using=id, value=com.android.packageinstaller:id/permission_deny_button}
	at org.openqa.selenium.remote.http.W3CHttpResponseCodec.createException(W3CHttpResponseCodec.java:187)
	at org.openqa.selenium.remote.http.W3CHttpResponseCodec.decode(W3CHttpResponseCodec.java:122)
	at org.openqa.selenium.remote.http.W3CHttpResponseCodec.decode(W3CHttpResponseCodec.java:49)
	at org.openqa.selenium.remote.HttpCommandExecutor.execute(HttpCommandExecutor.java:158)
	at io.appium.java_client.remote.AppiumCommandExecutor.execute(AppiumCommandExecutor.java:250)
	at org.openqa.selenium.remote.RemoteWebDriver.execute(RemoteWebDriver.java:552)
	at io.appium.java_client.DefaultGenericMobileDriver.execute(DefaultGenericMobileDriver.java:41)
	at io.appium.java_client.AppiumDriver.execute(AppiumDriver.java:1)
	at org.openqa.selenium.remote.RemoteWebDriver.findElement(RemoteWebDriver.java:323)
	at io.appium.java_client.DefaultGenericMobileDriver.findElement(DefaultGenericMobileDriver.java:61)
	at io.appium.java_client.AppiumDriver.findElement(AppiumDriver.java:1)
	at org.openqa.selenium.remote.RemoteWebDriver.findElementById(RemoteWebDriver.java:372)
	at io.appium.java_client.DefaultGenericMobileDriver.findElementById(DefaultGenericMobileDriver.java:69)
	at io.appium.java_client.AppiumDriver.findElementById(AppiumDriver.java:1)
	at org.openqa.selenium.By$ById.findElement(By.java:188)
	at org.openqa.selenium.remote.RemoteWebDriver.findElement(RemoteWebDriver.java:315)
	at io.appium.java_client.DefaultGenericMobileDriver.findElement(DefaultGenericMobileDriver.java:57)
	at io.appium.java_client.AppiumDriver.findElement(AppiumDriver.java:1)
	at SurveySolution.SurveySolution_Testcase.SSQPad_09(SurveySolution_Testcase.java:176)
... Removed 28 stack frames]]>
    </failure>
  </testcase> <!-- SSQPad_09 -->
  <testcase classname="SurveySolution.SurveySolution_Testcase" name="SSQPad_10" time="21.031">
    <failure type="java.lang.AssertionError" message="expected: java.lang.String&amp;lt;RUNNING_IN_BACKGROUND&amp;gt; but was: io.appium.java_client.appmanagement.ApplicationState&amp;lt;RUNNING_IN_BACKGROUND&amp;gt;">
      <![CDATA[java.lang.AssertionError: expected: java.lang.String<RUNNING_IN_BACKGROUND> but was: io.appium.java_client.appmanagement.ApplicationState<RUNNING_IN_BACKGROUND>
	at org.junit.Assert.fail(Assert.java:93)
	at org.junit.Assert.failNotEquals(Assert.java:647)
	at org.junit.Assert.assertEquals(Assert.java:128)
	at org.junit.Assert.assertEquals(Assert.java:147)
	at SurveySolution.SurveySolution_Testcase.SSQPad_10(SurveySolution_Testcase.java:215)
... Removed 24 stack frames]]>
    </failure>
  </testcase> <!-- SSQPad_10 -->
</testsuite> <!-- Test -->
